2018-06-28 10:33:14,381 [Worker-6] INFO  c.g.t.t.d.PublishedGradleVersions - Gradle version information cache is not available. Remote download required.
2018-06-28 10:46:54,922 [Worker-2] INFO  c.g.t.t.d.PublishedGradleVersions - Gradle version information cache is not available. Remote download required.
2018-06-28 10:56:11,125 [Worker-1] INFO  c.g.t.t.d.PublishedGradleVersions - Gradle version information cache is not available. Remote download required.
2018-06-28 11:10:36,829 [Worker-5] INFO  c.g.t.t.d.PublishedGradleVersions - Gradle version information cache is not available. Remote download required.
2018-06-28 11:10:43,248 [Start Help Server] INFO  org.eclipse.jetty.util.log - Logging initialized @28249ms to org.eclipse.jetty.util.log.Slf4jLog
2018-06-28 11:10:43,622 [Start Help Server] INFO  org.eclipse.jetty.server.Server - jetty-9.4.8.v20171121, build timestamp: 2017-11-21T22:27:37+01:00, git hash: 82b8fb23f757335bb3329d540ce37a2a2615f0a8
2018-06-28 11:10:43,731 [Start Help Server] INFO  org.eclipse.jetty.server.session - DefaultSessionIdManager workerName=node0
2018-06-28 11:10:43,731 [Start Help Server] INFO  org.eclipse.jetty.server.session - No SessionScavenger set, using defaults
2018-06-28 11:10:43,733 [Start Help Server] INFO  org.eclipse.jetty.server.session - Scavenging every 660000ms
2018-06-28 11:10:43,802 [Start Help Server] INFO  o.e.j.server.handler.ContextHandler - Started o.e.j.s.ServletContextHandler@4462a6f2{/help,null,AVAILABLE}
2018-06-28 11:10:43,855 [Start Help Server] INFO  o.e.jetty.server.AbstractConnector - Started ServerConnector@7d61f5c5{HTTP/1.1,[http/1.1]}{127.0.0.1:46655}
2018-06-28 11:10:43,855 [Start Help Server] INFO  org.eclipse.jetty.server.Server - Started @28856ms
2018-06-28 11:47:25,572 [Stop Help Server] INFO  o.e.jetty.server.AbstractConnector - Stopped ServerConnector@7d61f5c5{HTTP/1.1,[http/1.1]}{127.0.0.1:0}
2018-06-28 11:47:25,573 [Stop Help Server] INFO  org.eclipse.jetty.server.session - Stopped scavenging
2018-06-28 11:47:25,657 [Stop Help Server] INFO  o.e.j.server.handler.ContextHandler - Stopped o.e.j.s.ServletContextHandler@4462a6f2{/help,null,UNAVAILABLE}
2018-06-28 11:49:08,676 [Worker-1] INFO  c.g.t.t.d.PublishedGradleVersions - Gradle version information cache is not available. Remote download required.
2018-06-28 17:33:58,108 [Worker-2] INFO  c.g.t.t.d.PublishedGradleVersions - Gradle version information cache is not available. Remote download required.
2018-06-28 18:26:03,038 [Worker-1] INFO  c.g.t.t.d.PublishedGradleVersions - Gradle version information cache is not available. Remote download required.
2018-06-28 18:40:44,686 [Worker-10] INFO  c.g.t.t.d.PublishedGradleVersions - Gradle version information cache is not available. Remote download required.
2018-06-28 20:01:48,384 [Worker-4] INFO  c.g.t.t.d.PublishedGradleVersions - Gradle version information cache is not available. Remote download required.
2018-06-29 10:49:40,844 [Worker-1] INFO  c.g.t.t.d.PublishedGradleVersions - Gradle version information cache is not available. Remote download required.
2018-06-29 11:20:07,789 [Worker-1] INFO  c.g.t.t.d.PublishedGradleVersions - Gradle version information cache is not available. Remote download required.
2018-06-29 11:34:58,199 [Worker-1] INFO  c.g.t.t.d.PublishedGradleVersions - Gradle version information cache is not available. Remote download required.
2018-06-29 12:44:43,758 [Worker-5] INFO  c.g.t.t.d.PublishedGradleVersions - Gradle version information cache is not available. Remote download required.
2018-06-29 13:10:06,100 [Worker-2] INFO  c.g.t.t.d.PublishedGradleVersions - Gradle version information cache is not available. Remote download required.
2018-06-29 13:19:45,276 [Worker-7] INFO  c.g.t.t.d.PublishedGradleVersions - Gradle version information cache is not available. Remote download required.
2018-06-29 13:23:41,311 [Worker-1] INFO  c.g.t.t.d.PublishedGradleVersions - Gradle version information cache is not available. Remote download required.
2018-06-29 13:44:28,171 [Worker-4] INFO  c.g.t.t.d.PublishedGradleVersions - Gradle version information cache is not available. Remote download required.
2018-06-29 13:45:46,036 [Worker-4] INFO  c.g.t.t.d.PublishedGradleVersions - Gradle version information cache is not available. Remote download required.
2018-06-29 14:38:01,598 [Worker-1] INFO  c.g.t.t.d.PublishedGradleVersions - Gradle version information cache is not available. Remote download required.
2018-06-29 15:23:41,461 [Worker-2] INFO  c.g.t.t.d.PublishedGradleVersions - Gradle version information cache is not available. Remote download required.
2018-07-03 16:10:12,013 [Worker-0: Loading available Gradle versions] INFO  c.g.t.t.d.PublishedGradleVersions - Gradle version information cache is not available. Remote download required.
2018-07-03 16:18:47,120 [Worker-2: Loading available Gradle versions] INFO  c.g.t.t.d.PublishedGradleVersions - Gradle version information cache is not available. Remote download required.
2018-07-04 17:52:42,553 [Worker-1: Loading available Gradle versions] INFO  c.g.t.t.d.PublishedGradleVersions - Gradle version information cache is not available. Remote download required.
2018-07-05 13:28:24,374 [Worker-4: Loading available Gradle versions] INFO  c.g.t.t.d.PublishedGradleVersions - Gradle version information cache is not available. Remote download required.
2018-07-06 10:59:37,929 [Worker-1: Loading available Gradle versions] INFO  c.g.t.t.d.PublishedGradleVersions - Gradle version information cache is not available. Remote download required.
2018-07-06 15:10:18,276 [Worker-2: Loading available Gradle versions] INFO  c.g.t.t.d.PublishedGradleVersions - Gradle version information cache is not available. Remote download required.
2018-07-07 00:00:23,929 [Worker-2: Loading available Gradle versions] INFO  c.g.t.t.d.PublishedGradleVersions - Gradle version information cache is not available. Remote download required.
2018-07-08 02:13:06,936 [Worker-1: Loading available Gradle versions] INFO  c.g.t.t.d.PublishedGradleVersions - Gradle version information cache is not available. Remote download required.
2018-07-09 17:08:30,455 [Worker-8: Loading available Gradle versions] INFO  c.g.t.t.d.PublishedGradleVersions - Gradle version information cache is not available. Remote download required.
2018-08-28 21:36:58,228 [Worker-4: Loading available Gradle versions] INFO  c.g.t.t.d.PublishedGradleVersions - Gradle version information cache is not available. Remote download required.
2019-02-19 15:56:24,821 [Worker-2: Loading available Gradle versions] INFO  c.g.t.t.d.PublishedGradleVersions - Gradle version information cache is out-of-date. Trying to update.
2019-02-19 16:03:38,968 [Worker-1: Loading available Gradle versions] INFO  c.g.t.t.d.PublishedGradleVersions - Gradle version information cache is up-to-date. Trying to read.
2019-02-19 16:34:59,524 [Worker-3: Loading available Gradle versions] INFO  c.g.t.t.d.PublishedGradleVersions - Gradle version information cache is up-to-date. Trying to read.
2019-02-19 16:50:07,817 [Worker-13: Computing Git status for repository CoreNG] ERROR o.e.j.i.s.file.ObjectDirectory - ERROR: Exception caught while accessing pack file /home/torbjorn/eclipse-workspace/CoreNG/.git/objects/pack/pack-361ed93b1dc89b79b82965df08b142d35c7e7c0b.pack, the pack file might be corrupt, {1}. Caught {2} consecutive errors while trying to read this pack.
java.io.IOException: Unreadable pack index: /home/torbjorn/eclipse-workspace/CoreNG/.git/objects/pack/pack-361ed93b1dc89b79b82965df08b142d35c7e7c0b.idx
	at org.eclipse.jgit.internal.storage.file.PackIndex.open(PackIndex.java:102) ~[org.eclipse.jgit_5.0.0.201806131550-r.jar:5.0.0.201806131550-r]
	at org.eclipse.jgit.internal.storage.file.PackFile.idx(PackFile.java:183) ~[org.eclipse.jgit_5.0.0.201806131550-r.jar:5.0.0.201806131550-r]
	at org.eclipse.jgit.internal.storage.file.PackFile.get(PackFile.java:284) ~[org.eclipse.jgit_5.0.0.201806131550-r.jar:5.0.0.201806131550-r]
	at org.eclipse.jgit.internal.storage.file.ObjectDirectory.openPackedObject(ObjectDirectory.java:486) [org.eclipse.jgit_5.0.0.201806131550-r.jar:5.0.0.201806131550-r]
	at org.eclipse.jgit.internal.storage.file.ObjectDirectory.openPackedFromSelfOrAlternate(ObjectDirectory.java:444) [org.eclipse.jgit_5.0.0.201806131550-r.jar:5.0.0.201806131550-r]
	at org.eclipse.jgit.internal.storage.file.ObjectDirectory.openObject(ObjectDirectory.java:435) [org.eclipse.jgit_5.0.0.201806131550-r.jar:5.0.0.201806131550-r]
	at org.eclipse.jgit.internal.storage.file.WindowCursor.open(WindowCursor.java:165) [org.eclipse.jgit_5.0.0.201806131550-r.jar:5.0.0.201806131550-r]
	at org.eclipse.jgit.lib.ObjectReader.open(ObjectReader.java:236) [org.eclipse.jgit_5.0.0.201806131550-r.jar:5.0.0.201806131550-r]
	at org.eclipse.jgit.revwalk.RevWalk.parseAny(RevWalk.java:889) [org.eclipse.jgit_5.0.0.201806131550-r.jar:5.0.0.201806131550-r]
	at org.eclipse.jgit.revwalk.RevWalk.parseTree(RevWalk.java:827) [org.eclipse.jgit_5.0.0.201806131550-r.jar:5.0.0.201806131550-r]
	at org.eclipse.jgit.lib.IndexDiff.<init>(IndexDiff.java:317) [org.eclipse.jgit_5.0.0.201806131550-r.jar:5.0.0.201806131550-r]
	at org.eclipse.jgit.lib.IndexDiff.<init>(IndexDiff.java:298) [org.eclipse.jgit_5.0.0.201806131550-r.jar:5.0.0.201806131550-r]
	at org.eclipse.egit.core.internal.indexdiff.IndexDiffCacheEntry.calcIndexDiffDataFull(IndexDiffCacheEntry.java:676) [org.eclipse.egit.core_5.0.0.201806131550-r.jar:na]
	at org.eclipse.egit.core.internal.indexdiff.IndexDiffCacheEntry.access$8(IndexDiffCacheEntry.java:665) [org.eclipse.egit.core_5.0.0.201806131550-r.jar:na]
	at org.eclipse.egit.core.internal.indexdiff.IndexDiffCacheEntry$4.run(IndexDiffCacheEntry.java:415) [org.eclipse.egit.core_5.0.0.201806131550-r.jar:na]
	at org.eclipse.core.internal.jobs.Worker.run(Worker.java:60) [org.eclipse.core.jobs_3.10.0.v20180427-1454.jar:na]
Caused by: java.io.FileNotFoundException: /home/torbjorn/eclipse-workspace/CoreNG/.git/objects/pack/pack-361ed93b1dc89b79b82965df08b142d35c7e7c0b.idx (No such file or directory)
	at java.base/java.io.FileInputStream.open0(Native Method) ~[na:na]
	at java.base/java.io.FileInputStream.open(FileInputStream.java:220) ~[na:na]
	at java.base/java.io.FileInputStream.<init>(FileInputStream.java:158) ~[na:na]
	at org.eclipse.jgit.util.io.SilentFileInputStream.<init>(SilentFileInputStream.java:64) ~[org.eclipse.jgit_5.0.0.201806131550-r.jar:5.0.0.201806131550-r]
	at org.eclipse.jgit.internal.storage.file.PackIndex.open(PackIndex.java:98) ~[org.eclipse.jgit_5.0.0.201806131550-r.jar:5.0.0.201806131550-r]
	... 15 common frames omitted
2019-02-19 16:51:04,270 [Worker-4: Loading available Gradle versions] INFO  c.g.t.t.d.PublishedGradleVersions - Gradle version information cache is up-to-date. Trying to read.
